Event[0]:
  Log Name: C:\Users\sshook\Desktop\Training\Tools\Riffle\RiffleMaster\Extracted\2016-03-14_124238\logs\evt\XP-FF3F6B62E8AB_System.evt
  Source: EventLog
  Date: 2010-04-20T15:16:52.000
  Event ID: 6009
  Task: N/A
  Level: Information
  Opcode: N/A
  Keyword: Classic
  User: N/A
  User Name: N/A
  Computer: MACHINENAME
  Description: 
Microsoft (R) Windows (R) 5.01. 2600 Service Pack 2 Uniprocessor Free.

Event[1]:
  Log Name: C:\Users\sshook\Desktop\Training\Tools\Riffle\RiffleMaster\Extracted\2016-03-14_124238\logs\evt\XP-FF3F6B62E8AB_System.evt
  Source: EventLog
  Date: 2010-04-20T15:16:52.000
  Event ID: 6005
  Task: N/A
  Level: Information
  Opcode: N/A
  Keyword: Classic
  User: N/A
  User Name: N/A
  Computer: MACHINENAME
  Description: 
The Event log service was started.

Event[2]:
  Log Name: C:\Users\sshook\Desktop\Training\Tools\Riffle\RiffleMaster\Extracted\2016-03-14_124238\logs\evt\XP-FF3F6B62E8AB_System.evt
  Source: Serial
  Date: 2010-04-20T15:16:39.000
  Event ID: 2
  Task: N/A
  Level: Information
  Opcode: N/A
  Keyword: Classic
  User: N/A
  User Name: N/A
  Computer: MACHINENAME
  Description: 
While validating that \Device\Serial0 was really a serial port, a fifo was detected. The fifo will be used.

Event[3]:
  Log Name: C:\Users\sshook\Desktop\Training\Tools\Riffle\RiffleMaster\Extracted\2016-03-14_124238\logs\evt\XP-FF3F6B62E8AB_System.evt
  Source: Serial
  Date: 2010-04-20T15:16:39.000
  Event ID: 2
  Task: N/A
  Level: Information
  Opcode: N/A
  Keyword: Classic
  User: N/A
  User Name: N/A
  Computer: MACHINENAME
  Description: 
While validating that \Device\Serial1 was really a serial port, a fifo was detected. The fifo will be used.

Event[4]:
  Log Name: C:\Users\sshook\Desktop\Training\Tools\Riffle\RiffleMaster\Extracted\2016-03-14_124238\logs\evt\XP-FF3F6B62E8AB_System.evt
  Source: EventLog
  Date: 2010-04-20T22:21:37.000
  Event ID: 6011
  Task: N/A
  Level: Information
  Opcode: N/A
  Keyword: Classic
  User: N/A
  User Name: N/A
  Computer: XP-FF3F6B62E8AB
  Description: 
N/A

Event[5]:
  Log Name: C:\Users\sshook\Desktop\Training\Tools\Riffle\RiffleMaster\Extracted\2016-03-14_124238\logs\evt\XP-FF3F6B62E8AB_System.evt
  Source: Workstation
  Date: 2010-04-20T22:25:48.000
  Event ID: 3260
  Task: N/A
  Level: Information
  Opcode: Info
  Keyword: Classic
  User: N/A
  User Name: N/A
  Computer: XP-FF3F6B62E8AB
  Description: 
This computer has been successfully joined to domain 'workgroup'.

Event[6]:
  Log Name: C:\Users\sshook\Desktop\Training\Tools\Riffle\RiffleMaster\Extracted\2016-03-14_124238\logs\evt\XP-FF3F6B62E8AB_System.evt
  Source: HTTP
  Date: 2010-04-20T22:30:15.000
  Event ID: 15007
  Task: None
  Level: Information
  Opcode: N/A
  Keyword: Classic
  User: N/A
  User Name: N/A
  Computer: XP-FF3F6B62E8AB
  Description: 
N/A

Event[7]:
  Log Name: C:\Users\sshook\Desktop\Training\Tools\Riffle\RiffleMaster\Extracted\2016-03-14_124238\logs\evt\XP-FF3F6B62E8AB_System.evt
  Source: Setup
  Date: 2010-04-20T22:37:03.000
  Event ID: 60054
  Task: None
  Level: Information
  Opcode: Info
  Keyword: Classic
  User: N/A
  User Name: N/A
  Computer: XP-FF3F6B62E8AB
  Description: 
N/A

Event[8]:
  Log Name: C:\Users\sshook\Desktop\Training\Tools\Riffle\RiffleMaster\Extracted\2016-03-14_124238\logs\evt\XP-FF3F6B62E8AB_System.evt
  Source: EventLog
  Date: 2010-04-20T22:38:07.000
  Event ID: 6009
  Task: N/A
  Level: Information
  Opcode: N/A
  Keyword: Classic
  User: N/A
  User Name: N/A
  Computer: XP-FF3F6B62E8AB
  Description: 
Microsoft (R) Windows (R) 5.01. 2600 Service Pack 2 Uniprocessor Free.

Event[9]:
  Log Name: C:\Users\sshook\Desktop\Training\Tools\Riffle\RiffleMaster\Extracted\2016-03-14_124238\logs\evt\XP-FF3F6B62E8AB_System.evt
  Source: EventLog
  Date: 2010-04-20T22:38:07.000
  Event ID: 6005
  Task: N/A
  Level: Information
  Opcode: N/A
  Keyword: Classic
  User: N/A
  User Name: N/A
  Computer: XP-FF3F6B62E8AB
  Description: 
The Event log service was started.

Event[10]:
  Log Name: C:\Users\sshook\Desktop\Training\Tools\Riffle\RiffleMaster\Extracted\2016-03-14_124238\logs\evt\XP-FF3F6B62E8AB_System.evt
  Source: SRService
  Date: 2010-04-20T22:38:28.000
  Event ID: 115
  Task: None
  Level: Information
  Opcode: N/A
  Keyword: Classic
  User: N/A
  User Name: N/A
  Computer: XP-FF3F6B62E8AB
  Description: 
N/A

Event[11]:
  Log Name: C:\Users\sshook\Desktop\Training\Tools\Riffle\RiffleMaster\Extracted\2016-03-14_124238\logs\evt\XP-FF3F6B62E8AB_System.evt
  Source: Service Control Manager
  Date: 2010-04-20T22:38:37.000
  Event ID: 7035
  Task: N/A
  Level: Information
  Opcode: N/A
  Keyword: Classic
  User: S-1-5-18
  User Name: NT AUTHORITY\SYSTEM
  Computer: XP-FF3F6B62E8AB
  Description: 
The DCOM Server Process Launcher service was successfully sent a start control.

Event[12]:
  Log Name: C:\Users\sshook\Desktop\Training\Tools\Riffle\RiffleMaster\Extracted\2016-03-14_124238\logs\evt\XP-FF3F6B62E8AB_System.evt
  Source: Service Control Manager
  Date: 2010-04-20T22:38:37.000
  Event ID: 7035
  Task: N/A
  Level: Information
  Opcode: N/A
  Keyword: Classic
  User: S-1-5-18
  User Name: NT AUTHORITY\SYSTEM
  Computer: XP-FF3F6B62E8AB
  Description: 
The Telephony service was successfully sent a start control.

Event[13]:
  Log Name: C:\Users\sshook\Desktop\Training\Tools\Riffle\RiffleMaster\Extracted\2016-03-14_124238\logs\evt\XP-FF3F6B62E8AB_System.evt
  Source: Service Control Manager
  Date: 2010-04-20T22:38:37.000
  Event ID: 7035
  Task: N/A
  Level: Information
  Opcode: N/A
  Keyword: Classic
  User: S-1-5-18
  User Name: NT AUTHORITY\SYSTEM
  Computer: XP-FF3F6B62E8AB
  Description: 
The Network Location Awareness (NLA) service was successfully sent a start control.

Event[14]:
  Log Name: C:\Users\sshook\Desktop\Training\Tools\Riffle\RiffleMaster\Extracted\2016-03-14_124238\logs\evt\XP-FF3F6B62E8AB_System.evt
  Source: Service Control Manager
  Date: 2010-04-20T22:38:37.000
  Event ID: 7036
  Task: N/A
  Level: Information
  Opcode: N/A
  Keyword: Classic
  User: N/A
  User Name: N/A
  Computer: XP-FF3F6B62E8AB
  Description: 
The Network Location Awareness (NLA) service entered the running state.

Event[15]:
  Log Name: C:\Users\sshook\Desktop\Training\Tools\Riffle\RiffleMaster\Extracted\2016-03-14_124238\logs\evt\XP-FF3F6B62E8AB_System.evt
  Source: Service Control Manager
  Date: 2010-04-20T22:38:38.000
  Event ID: 7035
  Task: N/A
  Level: Information
  Opcode: N/A
  Keyword: Classic
  User: S-1-5-18
  User Name: NT AUTHORITY\SYSTEM
  Computer: XP-FF3F6B62E8AB
  Description: 
The Application Layer Gateway Service service was successfully sent a start control.

Event[16]:
  Log Name: C:\Users\sshook\Desktop\Training\Tools\Riffle\RiffleMaster\Extracted\2016-03-14_124238\logs\evt\XP-FF3F6B62E8AB_System.evt
  Source: Service Control Manager
  Date: 2010-04-20T22:38:38.000
  Event ID: 7036
  Task: N/A
  Level: Information
  Opcode: N/A
  Keyword: Classic
  User: N/A
  User Name: N/A
  Computer: XP-FF3F6B62E8AB
  Description: 
The Application Layer Gateway Service service entered the running state.

Event[17]:
  Log Name: C:\Users\sshook\Desktop\Training\Tools\Riffle\RiffleMaster\Extracted\2016-03-14_124238\logs\evt\XP-FF3F6B62E8AB_System.evt
  Source: Service Control Manager
  Date: 2010-04-20T22:38:38.000
  Event ID: 7036
  Task: N/A
  Level: Information
  Opcode: N/A
  Keyword: Classic
  User: N/A
  User Name: N/A
  Computer: XP-FF3F6B62E8AB
  Description: 
The Computer Browser service entered the stopped state.

Event[18]:
  Log Name: C:\Users\sshook\Desktop\Training\Tools\Riffle\RiffleMaster\Extracted\2016-03-14_124238\logs\evt\XP-FF3F6B62E8AB_System.evt
  Source: Service Control Manager
  Date: 2010-04-20T22:39:05.000
  Event ID: 7035
  Task: N/A
  Level: Information
  Opcode: N/A
  Keyword: Classic
  User: S-1-5-18
  User Name: NT AUTHORITY\SYSTEM
  Computer: XP-FF3F6B62E8AB
  Description: 
The SSDP Discovery Service service was successfully sent a start control.

Event[19]:
  Log Name: C:\Users\sshook\Desktop\Training\Tools\Riffle\RiffleMaster\Extracted\2016-03-14_124238\logs\evt\XP-FF3F6B62E8AB_System.evt
  Source: Service Control Manager
  Date: 2010-04-20T22:39:05.000
  Event ID: 7036
  Task: N/A
  Level: Information
  Opcode: N/A
  Keyword: Classic
  User: N/A
  User Name: N/A
  Computer: XP-FF3F6B62E8AB
  Description: 
The SSDP Discovery Service service entered the running state.

Event[20]:
  Log Name: C:\Users\sshook\Desktop\Training\Tools\Riffle\RiffleMaster\Extracted\2016-03-14_124238\logs\evt\XP-FF3F6B62E8AB_System.evt
  Source: Service Control Manager
  Date: 2010-04-20T22:39:06.000
  Event ID: 7035
  Task: N/A
  Level: Information
  Opcode: N/A
  Keyword: Classic
  User: S-1-5-18
  User Name: NT AUTHORITY\SYSTEM
  Computer: XP-FF3F6B62E8AB
  Description: 
The Remote Access Connection Manager service was successfully sent a start control.

Event[21]:
  Log Name: C:\Users\sshook\Desktop\Training\Tools\Riffle\RiffleMaster\Extracted\2016-03-14_124238\logs\evt\XP-FF3F6B62E8AB_System.evt
  Source: Service Control Manager
  Date: 2010-04-20T22:39:07.000
  Event ID: 7036
  Task: N/A
  Level: Information
  Opcode: N/A
  Keyword: Classic
  User: N/A
  User Name: N/A
  Computer: XP-FF3F6B62E8AB
  Description: 
The Remote Access Connection Manager service entered the running state.

Event[22]:
  Log Name: C:\Users\sshook\Desktop\Training\Tools\Riffle\RiffleMaster\Extracted\2016-03-14_124238\logs\evt\XP-FF3F6B62E8AB_System.evt
  Source: Service Control Manager
  Date: 2010-04-20T22:39:48.000
  Event ID: 7036
  Task: N/A
  Level: Information
  Opcode: N/A
  Keyword: Classic
  User: N/A
  User Name: N/A
  Computer: XP-FF3F6B62E8AB
  Description: 
The Terminal Services service entered the running state.

Event[23]:
  Log Name: C:\Users\sshook\Desktop\Training\Tools\Riffle\RiffleMaster\Extracted\2016-03-14_124238\logs\evt\XP-FF3F6B62E8AB_System.evt
  Source: Service Control Manager
  Date: 2010-04-20T22:39:48.000
  Event ID: 7035
  Task: N/A
  Level: Information
  Opcode: N/A
  Keyword: Classic
  User: S-1-5-18
  User Name: NT AUTHORITY\SYSTEM
  Computer: XP-FF3F6B62E8AB
  Description: 
The Fast User Switching Compatibility service was successfully sent a start control.

Event[24]:
  Log Name: C:\Users\sshook\Desktop\Training\Tools\Riffle\RiffleMaster\Extracted\2016-03-14_124238\logs\evt\XP-FF3F6B62E8AB_System.evt
  Source: Service Control Manager
  Date: 2010-04-20T22:39:48.000
  Event ID: 7036
  Task: N/A
  Level: Information
  Opcode: N/A
  Keyword: Classic
  User: N/A
  User Name: N/A
  Computer: XP-FF3F6B62E8AB
  Description: 
The Fast User Switching Compatibility service entered the running state.

Event[25]:
  Log Name: C:\Users\sshook\Desktop\Training\Tools\Riffle\RiffleMaster\Extracted\2016-03-14_124238\logs\evt\XP-FF3F6B62E8AB_System.evt
  Source: Service Control Manager
  Date: 2010-04-20T22:40:04.000
  Event ID: 7035
  Task: N/A
  Level: Information
  Opcode: N/A
  Keyword: Classic
  User: S-1-5-18
  User Name: NT AUTHORITY\SYSTEM
  Computer: XP-FF3F6B62E8AB
  Description: 
The Windows Installer service was successfully sent a start control.

Event[26]:
  Log Name: C:\Users\sshook\Desktop\Training\Tools\Riffle\RiffleMaster\Extracted\2016-03-14_124238\logs\evt\XP-FF3F6B62E8AB_System.evt
  Source: Service Control Manager
  Date: 2010-04-20T22:40:04.000
  Event ID: 7036
  Task: N/A
  Level: Information
  Opcode: N/A
  Keyword: Classic
  User: N/A
  User Name: N/A
  Computer: XP-FF3F6B62E8AB
  Description: 
The Windows Installer service entered the running state.

Event[27]:
  Log Name: C:\Users\sshook\Desktop\Training\Tools\Riffle\RiffleMaster\Extracted\2016-03-14_124238\logs\evt\XP-FF3F6B62E8AB_System.evt
  Source: Service Control Manager
  Date: 2010-04-20T22:40:46.000
  Event ID: 7036
  Task: N/A
  Level: Information
  Opcode: N/A
  Keyword: Classic
  User: N/A
  User Name: N/A
  Computer: XP-FF3F6B62E8AB
  Description: 
The Windows Installer service entered the stopped state.

Event[28]:
  Log Name: C:\Users\sshook\Desktop\Training\Tools\Riffle\RiffleMaster\Extracted\2016-03-14_124238\logs\evt\XP-FF3F6B62E8AB_System.evt
  Source: EventLog
  Date: 2010-04-20T22:40:48.000
  Event ID: 6006
  Task: N/A
  Level: Information
  Opcode: N/A
  Keyword: Classic
  User: N/A
  User Name: N/A
  Computer: XP-FF3F6B62E8AB
  Description: 
The Event log service was stopped.

Event[29]:
  Log Name: C:\Users\sshook\Desktop\Training\Tools\Riffle\RiffleMaster\Extracted\2016-03-14_124238\logs\evt\XP-FF3F6B62E8AB_System.evt
  Source: EventLog
  Date: 2012-09-17T16:28:04.000
  Event ID: 6009
  Task: N/A
  Level: Information
  Opcode: N/A
  Keyword: Classic
  User: N/A
  User Name: N/A
  Computer: XP-FF3F6B62E8AB
  Description: 
Microsoft (R) Windows (R) 5.01. 2600 Service Pack 2 Uniprocessor Free.

Event[30]:
  Log Name: C:\Users\sshook\Desktop\Training\Tools\Riffle\RiffleMaster\Extracted\2016-03-14_124238\logs\evt\XP-FF3F6B62E8AB_System.evt
  Source: EventLog
  Date: 2012-09-17T16:28:04.000
  Event ID: 6005
  Task: N/A
  Level: Information
  Opcode: N/A
  Keyword: Classic
  User: N/A
  User Name: N/A
  Computer: XP-FF3F6B62E8AB
  Description: 
The Event log service was started.

Event[31]:
  Log Name: C:\Users\sshook\Desktop\Training\Tools\Riffle\RiffleMaster\Extracted\2016-03-14_124238\logs\evt\XP-FF3F6B62E8AB_System.evt
  Source: Dhcp
  Date: 2012-09-17T16:29:09.000
  Event ID: 1007
  Task: None
  Level: Warning
  Opcode: Info
  Keyword: Classic
  User: N/A
  User Name: N/A
  Computer: XP-FF3F6B62E8AB
  Description: 
N/A

Event[32]:
  Log Name: C:\Users\sshook\Desktop\Training\Tools\Riffle\RiffleMaster\Extracted\2016-03-14_124238\logs\evt\XP-FF3F6B62E8AB_System.evt
  Source: W32Time
  Date: 2012-09-17T16:29:17.000
  Event ID: 17
  Task: None
  Level: Error
  Opcode: N/A
  Keyword: Classic
  User: N/A
  User Name: N/A
  Computer: XP-FF3F6B62E8AB
  Description: 
N/A

Event[33]:
  Log Name: C:\Users\sshook\Desktop\Training\Tools\Riffle\RiffleMaster\Extracted\2016-03-14_124238\logs\evt\XP-FF3F6B62E8AB_System.evt
  Source: W32Time
  Date: 2012-09-17T16:29:17.000
  Event ID: 29
  Task: None
  Level: Error
  Opcode: N/A
  Keyword: Classic
  User: N/A
  User Name: N/A
  Computer: XP-FF3F6B62E8AB
  Description: 
N/A

Event[34]:
  Log Name: C:\Users\sshook\Desktop\Training\Tools\Riffle\RiffleMaster\Extracted\2016-03-14_124238\logs\evt\XP-FF3F6B62E8AB_System.evt
  Source: W32Time
  Date: 2012-09-17T16:29:19.000
  Event ID: 17
  Task: None
  Level: Error
  Opcode: N/A
  Keyword: Classic
  User: N/A
  User Name: N/A
  Computer: XP-FF3F6B62E8AB
  Description: 
N/A

Event[35]:
  Log Name: C:\Users\sshook\Desktop\Training\Tools\Riffle\RiffleMaster\Extracted\2016-03-14_124238\logs\evt\XP-FF3F6B62E8AB_System.evt
  Source: W32Time
  Date: 2012-09-17T16:29:19.000
  Event ID: 29
  Task: None
  Level: Error
  Opcode: N/A
  Keyword: Classic
  User: N/A
  User Name: N/A
  Computer: XP-FF3F6B62E8AB
  Description: 
N/A

Event[36]:
  Log Name: C:\Users\sshook\Desktop\Training\Tools\Riffle\RiffleMaster\Extracted\2016-03-14_124238\logs\evt\XP-FF3F6B62E8AB_System.evt
  Source: Service Control Manager
  Date: 2012-09-17T16:29:27.000
  Event ID: 7036
  Task: N/A
  Level: Information
  Opcode: N/A
  Keyword: Classic
  User: N/A
  User Name: N/A
  Computer: XP-FF3F6B62E8AB
  Description: 
The Terminal Services service entered the running state.

Event[37]:
  Log Name: C:\Users\sshook\Desktop\Training\Tools\Riffle\RiffleMaster\Extracted\2016-03-14_124238\logs\evt\XP-FF3F6B62E8AB_System.evt
  Source: Service Control Manager
  Date: 2012-09-17T16:29:27.000
  Event ID: 7035
  Task: N/A
  Level: Information
  Opcode: N/A
  Keyword: Classic
  User: S-1-5-18
  User Name: NT AUTHORITY\SYSTEM
  Computer: XP-FF3F6B62E8AB
  Description: 
The Fast User Switching Compatibility service was successfully sent a start control.

Event[38]:
  Log Name: C:\Users\sshook\Desktop\Training\Tools\Riffle\RiffleMaster\Extracted\2016-03-14_124238\logs\evt\XP-FF3F6B62E8AB_System.evt
  Source: Service Control Manager
  Date: 2012-09-17T16:29:27.000
  Event ID: 7035
  Task: N/A
  Level: Information
  Opcode: N/A
  Keyword: Classic
  User: S-1-5-18
  User Name: NT AUTHORITY\SYSTEM
  Computer: XP-FF3F6B62E8AB
  Description: 
The Network Location Awareness (NLA) service was successfully sent a start control.

Event[39]:
  Log Name: C:\Users\sshook\Desktop\Training\Tools\Riffle\RiffleMaster\Extracted\2016-03-14_124238\logs\evt\XP-FF3F6B62E8AB_System.evt
  Source: Service Control Manager
  Date: 2012-09-17T16:29:27.000
  Event ID: 7036
  Task: N/A
  Level: Information
  Opcode: N/A
  Keyword: Classic
  User: N/A
  User Name: N/A
  Computer: XP-FF3F6B62E8AB
  Description: 
The Network Location Awareness (NLA) service entered the running state.

Event[40]:
  Log Name: C:\Users\sshook\Desktop\Training\Tools\Riffle\RiffleMaster\Extracted\2016-03-14_124238\logs\evt\XP-FF3F6B62E8AB_System.evt
  Source: Service Control Manager
  Date: 2012-09-17T16:29:27.000
  Event ID: 7036
  Task: N/A
  Level: Information
  Opcode: N/A
  Keyword: Classic
  User: N/A
  User Name: N/A
  Computer: XP-FF3F6B62E8AB
  Description: 
The Fast User Switching Compatibility service entered the running state.

Event[41]:
  Log Name: C:\Users\sshook\Desktop\Training\Tools\Riffle\RiffleMaster\Extracted\2016-03-14_124238\logs\evt\XP-FF3F6B62E8AB_System.evt
  Source: Service Control Manager
  Date: 2012-09-17T16:29:27.000
  Event ID: 7035
  Task: N/A
  Level: Information
  Opcode: N/A
  Keyword: Classic
  User: S-1-5-18
  User Name: NT AUTHORITY\SYSTEM
  Computer: XP-FF3F6B62E8AB
  Description: 
The SSDP Discovery Service service was successfully sent a start control.

Event[42]:
  Log Name: C:\Users\sshook\Desktop\Training\Tools\Riffle\RiffleMaster\Extracted\2016-03-14_124238\logs\evt\XP-FF3F6B62E8AB_System.evt
  Source: Service Control Manager
  Date: 2012-09-17T16:29:27.000
  Event ID: 7036
  Task: N/A
  Level: Information
  Opcode: N/A
  Keyword: Classic
  User: N/A
  User Name: N/A
  Computer: XP-FF3F6B62E8AB
  Description: 
The SSDP Discovery Service service entered the running state.

Event[43]:
  Log Name: C:\Users\sshook\Desktop\Training\Tools\Riffle\RiffleMaster\Extracted\2016-03-14_124238\logs\evt\XP-FF3F6B62E8AB_System.evt
  Source: Service Control Manager
  Date: 2012-09-17T16:29:27.000
  Event ID: 7035
  Task: N/A
  Level: Information
  Opcode: N/A
  Keyword: Classic
  User: S-1-5-18
  User Name: NT AUTHORITY\SYSTEM
  Computer: XP-FF3F6B62E8AB
  Description: 
The Application Layer Gateway Service service was successfully sent a start control.

Event[44]:
  Log Name: C:\Users\sshook\Desktop\Training\Tools\Riffle\RiffleMaster\Extracted\2016-03-14_124238\logs\evt\XP-FF3F6B62E8AB_System.evt
  Source: Service Control Manager
  Date: 2012-09-17T16:29:27.000
  Event ID: 7036
  Task: N/A
  Level: Information
  Opcode: N/A
  Keyword: Classic
  User: N/A
  User Name: N/A
  Computer: XP-FF3F6B62E8AB
  Description: 
The Application Layer Gateway Service service entered the running state.

Event[45]:
  Log Name: C:\Users\sshook\Desktop\Training\Tools\Riffle\RiffleMaster\Extracted\2016-03-14_124238\logs\evt\XP-FF3F6B62E8AB_System.evt
  Source: Service Control Manager
  Date: 2012-09-17T16:29:27.000
  Event ID: 7035
  Task: N/A
  Level: Information
  Opcode: N/A
  Keyword: Classic
  User: S-1-5-18
  User Name: NT AUTHORITY\SYSTEM
  Computer: XP-FF3F6B62E8AB
  Description: 
The Windows Installer service was successfully sent a start control.

Event[46]:
  Log Name: C:\Users\sshook\Desktop\Training\Tools\Riffle\RiffleMaster\Extracted\2016-03-14_124238\logs\evt\XP-FF3F6B62E8AB_System.evt
  Source: Service Control Manager
  Date: 2012-09-17T16:29:27.000
  Event ID: 7036
  Task: N/A
  Level: Information
  Opcode: N/A
  Keyword: Classic
  User: N/A
  User Name: N/A
  Computer: XP-FF3F6B62E8AB
  Description: 
The Windows Installer service entered the running state.

Event[47]:
  Log Name: C:\Users\sshook\Desktop\Training\Tools\Riffle\RiffleMaster\Extracted\2016-03-14_124238\logs\evt\XP-FF3F6B62E8AB_System.evt
  Source: Service Control Manager
  Date: 2012-09-17T16:29:27.000
  Event ID: 7036
  Task: N/A
  Level: Information
  Opcode: N/A
  Keyword: Classic
  User: N/A
  User Name: N/A
  Computer: XP-FF3F6B62E8AB
  Description: 
The Computer Browser service entered the stopped state.

Event[48]:
  Log Name: C:\Users\sshook\Desktop\Training\Tools\Riffle\RiffleMaster\Extracted\2016-03-14_124238\logs\evt\XP-FF3F6B62E8AB_System.evt
  Source: Service Control Manager
  Date: 2012-09-17T16:29:50.000
  Event ID: 7036
  Task: N/A
  Level: Information
  Opcode: N/A
  Keyword: Classic
  User: N/A
  User Name: N/A
  Computer: XP-FF3F6B62E8AB
  Description: 
The Print Spooler service entered the stopped state.

Event[49]:
  Log Name: C:\Users\sshook\Desktop\Training\Tools\Riffle\RiffleMaster\Extracted\2016-03-14_124238\logs\evt\XP-FF3F6B62E8AB_System.evt
  Source: Service Control Manager
  Date: 2012-09-17T16:29:50.000
  Event ID: 7035
  Task: N/A
  Level: Information
  Opcode: N/A
  Keyword: Classic
  User: S-1-5-21-861567501-682003330-839522115-1003
  User Name: N/A
  Computer: XP-FF3F6B62E8AB
  Description: 
The Print Spooler service was successfully sent a stop control.

Event[50]:
  Log Name: C:\Users\sshook\Desktop\Training\Tools\Riffle\RiffleMaster\Extracted\2016-03-14_124238\logs\evt\XP-FF3F6B62E8AB_System.evt
  Source: Service Control Manager
  Date: 2012-09-17T16:29:50.000
  Event ID: 7035
  Task: N/A
  Level: Information
  Opcode: N/A
  Keyword: Classic
  User: S-1-5-21-861567501-682003330-839522115-1003
  User Name: N/A
  Computer: XP-FF3F6B62E8AB
  Description: 
The Print Spooler service was successfully sent a start control.

Event[51]:
  Log Name: C:\Users\sshook\Desktop\Training\Tools\Riffle\RiffleMaster\Extracted\2016-03-14_124238\logs\evt\XP-FF3F6B62E8AB_System.evt
  Source: Service Control Manager
  Date: 2012-09-17T16:29:53.000
  Event ID: 7036
  Task: N/A
  Level: Information
  Opcode: N/A
  Keyword: Classic
  User: N/A
  User Name: N/A
  Computer: XP-FF3F6B62E8AB
  Description: 
The Print Spooler service entered the running state.

Event[52]:
  Log Name: C:\Users\sshook\Desktop\Training\Tools\Riffle\RiffleMaster\Extracted\2016-03-14_124238\logs\evt\XP-FF3F6B62E8AB_System.evt
  Source: Print
  Date: 2012-09-17T16:29:55.000
  Event ID: 20
  Task: None
  Level: Warning
  Opcode: N/A
  Keyword: Classic
  User: S-1-5-18
  User Name: NT AUTHORITY\SYSTEM
  Computer: XP-FF3F6B62E8AB
  Description: 
N/A

Event[53]:
  Log Name: C:\Users\sshook\Desktop\Training\Tools\Riffle\RiffleMaster\Extracted\2016-03-14_124238\logs\evt\XP-FF3F6B62E8AB_System.evt
  Source: Print
  Date: 2012-09-17T16:30:00.000
  Event ID: 20
  Task: None
  Level: Warning
  Opcode: N/A
  Keyword: Classic
  User: S-1-5-18
  User Name: NT AUTHORITY\SYSTEM
  Computer: XP-FF3F6B62E8AB
  Description: 
N/A

Event[54]:
  Log Name: C:\Users\sshook\Desktop\Training\Tools\Riffle\RiffleMaster\Extracted\2016-03-14_124238\logs\evt\XP-FF3F6B62E8AB_System.evt
  Source: Service Control Manager
  Date: 2012-09-17T16:30:02.000
  Event ID: 7035
  Task: N/A
  Level: Information
  Opcode: N/A
  Keyword: Classic
  User: S-1-5-18
  User Name: NT AUTHORITY\SYSTEM
  Computer: XP-FF3F6B62E8AB
  Description: 
The VMware Physical Disk Helper Service service was successfully sent a start control.

Event[55]:
  Log Name: C:\Users\sshook\Desktop\Training\Tools\Riffle\RiffleMaster\Extracted\2016-03-14_124238\logs\evt\XP-FF3F6B62E8AB_System.evt
  Source: Service Control Manager
  Date: 2012-09-17T16:30:02.000
  Event ID: 7036
  Task: N/A
  Level: Information
  Opcode: N/A
  Keyword: Classic
  User: N/A
  User Name: N/A
  Computer: XP-FF3F6B62E8AB
  Description: 
The VMware Physical Disk Helper Service service entered the running state.

Event[56]:
  Log Name: C:\Users\sshook\Desktop\Training\Tools\Riffle\RiffleMaster\Extracted\2016-03-14_124238\logs\evt\XP-FF3F6B62E8AB_System.evt
  Source: Service Control Manager
  Date: 2012-09-17T16:30:15.000
  Event ID: 7035
  Task: N/A
  Level: Information
  Opcode: N/A
  Keyword: Classic
  User: S-1-5-21-861567501-682003330-839522115-1003
  User Name: N/A
  Computer: XP-FF3F6B62E8AB
  Description: 
The VMware Tools Service service was successfully sent a start control.

Event[57]:
  Log Name: C:\Users\sshook\Desktop\Training\Tools\Riffle\RiffleMaster\Extracted\2016-03-14_124238\logs\evt\XP-FF3F6B62E8AB_System.evt
  Source: Service Control Manager
  Date: 2012-09-17T16:30:15.000
  Event ID: 7036
  Task: N/A
  Level: Information
  Opcode: N/A
  Keyword: Classic
  User: N/A
  User Name: N/A
  Computer: XP-FF3F6B62E8AB
  Description: 
The VMware Tools Service service entered the running state.

Event[58]:
  Log Name: C:\Users\sshook\Desktop\Training\Tools\Riffle\RiffleMaster\Extracted\2016-03-14_124238\logs\evt\XP-FF3F6B62E8AB_System.evt
  Source: USER32
  Date: 2012-09-17T16:30:25.000
  Event ID: 1074
  Task: N/A
  Level: Information
  Opcode: N/A
  Keyword: Classic
  User: S-1-5-18
  User Name: NT AUTHORITY\SYSTEM
  Computer: XP-FF3F6B62E8AB
  Description: 
The process msiexec.exe has initiated the reboot of computer XP-FF3F6B62E8AB on behalf of user 02000380 for the following reason: No title for this reason could be found
 Reason Code: 0x2
 Shutdown Type: reboot
 Comment: The Windows Installer initiated a system restart to complete or continue the configuration of 'VMware Tools'.

Event[59]:
  Log Name: C:\Users\sshook\Desktop\Training\Tools\Riffle\RiffleMaster\Extracted\2016-03-14_124238\logs\evt\XP-FF3F6B62E8AB_System.evt
  Source: Service Control Manager
  Date: 2012-09-17T16:30:25.000
  Event ID: 7036
  Task: N/A
  Level: Information
  Opcode: N/A
  Keyword: Classic
  User: N/A
  User Name: N/A
  Computer: XP-FF3F6B62E8AB
  Description: 
The Windows Installer service entered the stopped state.

Event[60]:
  Log Name: C:\Users\sshook\Desktop\Training\Tools\Riffle\RiffleMaster\Extracted\2016-03-14_124238\logs\evt\XP-FF3F6B62E8AB_System.evt
  Source: EventLog
  Date: 2012-09-17T16:30:27.000
  Event ID: 6006
  Task: N/A
  Level: Information
  Opcode: N/A
  Keyword: Classic
  User: N/A
  User Name: N/A
  Computer: XP-FF3F6B62E8AB
  Description: 
The Event log service was stopped.

Event[61]:
  Log Name: C:\Users\sshook\Desktop\Training\Tools\Riffle\RiffleMaster\Extracted\2016-03-14_124238\logs\evt\XP-FF3F6B62E8AB_System.evt
  Source: EventLog
  Date: 2012-09-17T16:30:47.000
  Event ID: 6009
  Task: N/A
  Level: Information
  Opcode: N/A
  Keyword: Classic
  User: N/A
  User Name: N/A
  Computer: XP-FF3F6B62E8AB
  Description: 
Microsoft (R) Windows (R) 5.01. 2600 Service Pack 2 Uniprocessor Free.

Event[62]:
  Log Name: C:\Users\sshook\Desktop\Training\Tools\Riffle\RiffleMaster\Extracted\2016-03-14_124238\logs\evt\XP-FF3F6B62E8AB_System.evt
  Source: EventLog
  Date: 2012-09-17T16:30:47.000
  Event ID: 6005
  Task: N/A
  Level: Information
  Opcode: N/A
  Keyword: Classic
  User: N/A
  User Name: N/A
  Computer: XP-FF3F6B62E8AB
  Description: 
The Event log service was started.

Event[63]:
  Log Name: C:\Users\sshook\Desktop\Training\Tools\Riffle\RiffleMaster\Extracted\2016-03-14_124238\logs\evt\XP-FF3F6B62E8AB_System.evt
  Source: vmdebug
  Date: 2012-09-17T16:30:45.000
  Event ID: 5
  Task: None
  Level: Information
  Opcode: N/A
  Keyword: Classic
  User: N/A
  User Name: N/A
  Computer: XP-FF3F6B62E8AB
  Description: 
N/A

Event[64]:
  Log Name: C:\Users\sshook\Desktop\Training\Tools\Riffle\RiffleMaster\Extracted\2016-03-14_124238\logs\evt\XP-FF3F6B62E8AB_System.evt
  Source: Dhcp
  Date: 2012-09-17T16:31:49.000
  Event ID: 1007
  Task: None
  Level: Warning
  Opcode: Info
  Keyword: Classic
  User: N/A
  User Name: N/A
  Computer: XP-FF3F6B62E8AB
  Description: 
N/A

Event[65]:
  Log Name: C:\Users\sshook\Desktop\Training\Tools\Riffle\RiffleMaster\Extracted\2016-03-14_124238\logs\evt\XP-FF3F6B62E8AB_System.evt
  Source: W32Time
  Date: 2012-09-17T16:31:57.000
  Event ID: 17
  Task: None
  Level: Error
  Opcode: N/A
  Keyword: Classic
  User: N/A
  User Name: N/A
  Computer: XP-FF3F6B62E8AB
  Description: 
N/A

Event[66]:
  Log Name: C:\Users\sshook\Desktop\Training\Tools\Riffle\RiffleMaster\Extracted\2016-03-14_124238\logs\evt\XP-FF3F6B62E8AB_System.evt
  Source: W32Time
  Date: 2012-09-17T16:31:57.000
  Event ID: 29
  Task: None
  Level: Error
  Opcode: N/A
  Keyword: Classic
  User: N/A
  User Name: N/A
  Computer: XP-FF3F6B62E8AB
  Description: 
N/A

Event[67]:
  Log Name: C:\Users\sshook\Desktop\Training\Tools\Riffle\RiffleMaster\Extracted\2016-03-14_124238\logs\evt\XP-FF3F6B62E8AB_System.evt
  Source: W32Time
  Date: 2012-09-17T16:32:00.000
  Event ID: 17
  Task: None
  Level: Error
  Opcode: N/A
  Keyword: Classic
  User: N/A
  User Name: N/A
  Computer: XP-FF3F6B62E8AB
  Description: 
N/A

Event[68]:
  Log Name: C:\Users\sshook\Desktop\Training\Tools\Riffle\RiffleMaster\Extracted\2016-03-14_124238\logs\evt\XP-FF3F6B62E8AB_System.evt
  Source: W32Time
  Date: 2012-09-17T16:32:00.000
  Event ID: 29
  Task: None
  Level: Error
  Opcode: N/A
  Keyword: Classic
  User: N/A
  User Name: N/A
  Computer: XP-FF3F6B62E8AB
  Description: 
N/A

Event[69]:
  Log Name: C:\Users\sshook\Desktop\Training\Tools\Riffle\RiffleMaster\Extracted\2016-03-14_124238\logs\evt\XP-FF3F6B62E8AB_System.evt
  Source: Service Control Manager
  Date: 2012-09-17T16:32:04.000
  Event ID: 7036
  Task: N/A
  Level: Information
  Opcode: N/A
  Keyword: Classic
  User: N/A
  User Name: N/A
  Computer: XP-FF3F6B62E8AB
  Description: 
The Terminal Services service entered the running state.

Event[70]:
  Log Name: C:\Users\sshook\Desktop\Training\Tools\Riffle\RiffleMaster\Extracted\2016-03-14_124238\logs\evt\XP-FF3F6B62E8AB_System.evt
  Source: Service Control Manager
  Date: 2012-09-17T16:32:04.000
  Event ID: 7035
  Task: N/A
  Level: Information
  Opcode: N/A
  Keyword: Classic
  User: S-1-5-18
  User Name: NT AUTHORITY\SYSTEM
  Computer: XP-FF3F6B62E8AB
  Description: 
The Fast User Switching Compatibility service was successfully sent a start control.

Event[71]:
  Log Name: C:\Users\sshook\Desktop\Training\Tools\Riffle\RiffleMaster\Extracted\2016-03-14_124238\logs\evt\XP-FF3F6B62E8AB_System.evt
  Source: Service Control Manager
  Date: 2012-09-17T16:32:04.000
  Event ID: 7035
  Task: N/A
  Level: Information
  Opcode: N/A
  Keyword: Classic
  User: S-1-5-18
  User Name: NT AUTHORITY\SYSTEM
  Computer: XP-FF3F6B62E8AB
  Description: 
The Network Location Awareness (NLA) service was successfully sent a start control.

Event[72]:
  Log Name: C:\Users\sshook\Desktop\Training\Tools\Riffle\RiffleMaster\Extracted\2016-03-14_124238\logs\evt\XP-FF3F6B62E8AB_System.evt
  Source: Service Control Manager
  Date: 2012-09-17T16:32:04.000
  Event ID: 7036
  Task: N/A
  Level: Information
  Opcode: N/A
  Keyword: Classic
  User: N/A
  User Name: N/A
  Computer: XP-FF3F6B62E8AB
  Description: 
The Network Location Awareness (NLA) service entered the running state.

Event[73]:
  Log Name: C:\Users\sshook\Desktop\Training\Tools\Riffle\RiffleMaster\Extracted\2016-03-14_124238\logs\evt\XP-FF3F6B62E8AB_System.evt
  Source: Service Control Manager
  Date: 2012-09-17T16:32:04.000
  Event ID: 7036
  Task: N/A
  Level: Information
  Opcode: N/A
  Keyword: Classic
  User: N/A
  User Name: N/A
  Computer: XP-FF3F6B62E8AB
  Description: 
The Fast User Switching Compatibility service entered the running state.

Event[74]:
  Log Name: C:\Users\sshook\Desktop\Training\Tools\Riffle\RiffleMaster\Extracted\2016-03-14_124238\logs\evt\XP-FF3F6B62E8AB_System.evt
  Source: Service Control Manager
  Date: 2012-09-17T16:32:04.000
  Event ID: 7035
  Task: N/A
  Level: Information
  Opcode: N/A
  Keyword: Classic
  User: S-1-5-18
  User Name: NT AUTHORITY\SYSTEM
  Computer: XP-FF3F6B62E8AB
  Description: 
The SSDP Discovery Service service was successfully sent a start control.

Event[75]:
  Log Name: C:\Users\sshook\Desktop\Training\Tools\Riffle\RiffleMaster\Extracted\2016-03-14_124238\logs\evt\XP-FF3F6B62E8AB_System.evt
  Source: Service Control Manager
  Date: 2012-09-17T16:32:04.000
  Event ID: 7036
  Task: N/A
  Level: Information
  Opcode: N/A
  Keyword: Classic
  User: N/A
  User Name: N/A
  Computer: XP-FF3F6B62E8AB
  Description: 
The SSDP Discovery Service service entered the running state.

Event[76]:
  Log Name: C:\Users\sshook\Desktop\Training\Tools\Riffle\RiffleMaster\Extracted\2016-03-14_124238\logs\evt\XP-FF3F6B62E8AB_System.evt
  Source: Service Control Manager
  Date: 2012-09-17T16:32:04.000
  Event ID: 7035
  Task: N/A
  Level: Information
  Opcode: N/A
  Keyword: Classic
  User: S-1-5-18
  User Name: NT AUTHORITY\SYSTEM
  Computer: XP-FF3F6B62E8AB
  Description: 
The Application Layer Gateway Service service was successfully sent a start control.

Event[77]:
  Log Name: C:\Users\sshook\Desktop\Training\Tools\Riffle\RiffleMaster\Extracted\2016-03-14_124238\logs\evt\XP-FF3F6B62E8AB_System.evt
  Source: Service Control Manager
  Date: 2012-09-17T16:32:04.000
  Event ID: 7036
  Task: N/A
  Level: Information
  Opcode: N/A
  Keyword: Classic
  User: N/A
  User Name: N/A
  Computer: XP-FF3F6B62E8AB
  Description: 
The Application Layer Gateway Service service entered the running state.

Event[78]:
  Log Name: C:\Users\sshook\Desktop\Training\Tools\Riffle\RiffleMaster\Extracted\2016-03-14_124238\logs\evt\XP-FF3F6B62E8AB_System.evt
  Source: Service Control Manager
  Date: 2012-09-17T16:32:04.000
  Event ID: 7036
  Task: N/A
  Level: Information
  Opcode: N/A
  Keyword: Classic
  User: N/A
  User Name: N/A
  Computer: XP-FF3F6B62E8AB
  Description: 
The Computer Browser service entered the stopped state.

Event[79]:
  Log Name: C:\Users\sshook\Desktop\Training\Tools\Riffle\RiffleMaster\Extracted\2016-03-14_124238\logs\evt\XP-FF3F6B62E8AB_System.evt
  Source: Service Control Manager
  Date: 2012-09-17T16:32:15.000
  Event ID: 7035
  Task: N/A
  Level: Information
  Opcode: N/A
  Keyword: Classic
  User: S-1-5-18
  User Name: NT AUTHORITY\SYSTEM
  Computer: XP-FF3F6B62E8AB
  Description: 
The Computer Browser service was successfully sent a start control.

Event[80]:
  Log Name: C:\Users\sshook\Desktop\Training\Tools\Riffle\RiffleMaster\Extracted\2016-03-14_124238\logs\evt\XP-FF3F6B62E8AB_System.evt
  Source: Service Control Manager
  Date: 2012-09-17T16:32:15.000
  Event ID: 7036
  Task: N/A
  Level: Information
  Opcode: N/A
  Keyword: Classic
  User: N/A
  User Name: N/A
  Computer: XP-FF3F6B62E8AB
  Description: 
The Computer Browser service entered the running state.

Event[81]:
  Log Name: C:\Users\sshook\Desktop\Training\Tools\Riffle\RiffleMaster\Extracted\2016-03-14_124238\logs\evt\XP-FF3F6B62E8AB_System.evt
  Source: EventLog
  Date: 2012-09-27T15:00:21.000
  Event ID: 6009
  Task: N/A
  Level: Information
  Opcode: N/A
  Keyword: Classic
  User: N/A
  User Name: N/A
  Computer: XP-FF3F6B62E8AB
  Description: 
Microsoft (R) Windows (R) 5.01. 2600 Service Pack 2 Uniprocessor Free.

Event[82]:
  Log Name: C:\Users\sshook\Desktop\Training\Tools\Riffle\RiffleMaster\Extracted\2016-03-14_124238\logs\evt\XP-FF3F6B62E8AB_System.evt
  Source: EventLog
  Date: 2012-09-27T15:00:21.000
  Event ID: 6005
  Task: N/A
  Level: Information
  Opcode: N/A
  Keyword: Classic
  User: N/A
  User Name: N/A
  Computer: XP-FF3F6B62E8AB
  Description: 
The Event log service was started.

Event[83]:
  Log Name: C:\Users\sshook\Desktop\Training\Tools\Riffle\RiffleMaster\Extracted\2016-03-14_124238\logs\evt\XP-FF3F6B62E8AB_System.evt
  Source: vmdebug
  Date: 2012-09-27T15:00:19.000
  Event ID: 5
  Task: None
  Level: Information
  Opcode: N/A
  Keyword: Classic
  User: N/A
  User Name: N/A
  Computer: XP-FF3F6B62E8AB
  Description: 
N/A

Event[84]:
  Log Name: C:\Users\sshook\Desktop\Training\Tools\Riffle\RiffleMaster\Extracted\2016-03-14_124238\logs\evt\XP-FF3F6B62E8AB_System.evt
  Source: Dhcp
  Date: 2012-09-27T15:01:28.000
  Event ID: 1007
  Task: None
  Level: Warning
  Opcode: Info
  Keyword: Classic
  User: N/A
  User Name: N/A
  Computer: XP-FF3F6B62E8AB
  Description: 
N/A

Event[85]:
  Log Name: C:\Users\sshook\Desktop\Training\Tools\Riffle\RiffleMaster\Extracted\2016-03-14_124238\logs\evt\XP-FF3F6B62E8AB_System.evt
  Source: W32Time
  Date: 2012-09-27T15:01:38.000
  Event ID: 17
  Task: None
  Level: Error
  Opcode: N/A
  Keyword: Classic
  User: N/A
  User Name: N/A
  Computer: XP-FF3F6B62E8AB
  Description: 
N/A

Event[86]:
  Log Name: C:\Users\sshook\Desktop\Training\Tools\Riffle\RiffleMaster\Extracted\2016-03-14_124238\logs\evt\XP-FF3F6B62E8AB_System.evt
  Source: W32Time
  Date: 2012-09-27T15:01:38.000
  Event ID: 29
  Task: None
  Level: Error
  Opcode: N/A
  Keyword: Classic
  User: N/A
  User Name: N/A
  Computer: XP-FF3F6B62E8AB
  Description: 
N/A

Event[87]:
  Log Name: C:\Users\sshook\Desktop\Training\Tools\Riffle\RiffleMaster\Extracted\2016-03-14_124238\logs\evt\XP-FF3F6B62E8AB_System.evt
  Source: W32Time
  Date: 2012-09-27T15:01:41.000
  Event ID: 17
  Task: None
  Level: Error
  Opcode: N/A
  Keyword: Classic
  User: N/A
  User Name: N/A
  Computer: XP-FF3F6B62E8AB
  Description: 
N/A

Event[88]:
  Log Name: C:\Users\sshook\Desktop\Training\Tools\Riffle\RiffleMaster\Extracted\2016-03-14_124238\logs\evt\XP-FF3F6B62E8AB_System.evt
  Source: W32Time
  Date: 2012-09-27T15:01:41.000
  Event ID: 29
  Task: None
  Level: Error
  Opcode: N/A
  Keyword: Classic
  User: N/A
  User Name: N/A
  Computer: XP-FF3F6B62E8AB
  Description: 
N/A

Event[89]:
  Log Name: C:\Users\sshook\Desktop\Training\Tools\Riffle\RiffleMaster\Extracted\2016-03-14_124238\logs\evt\XP-FF3F6B62E8AB_System.evt
  Source: Service Control Manager
  Date: 2012-09-27T15:01:44.000
  Event ID: 7036
  Task: N/A
  Level: Information
  Opcode: N/A
  Keyword: Classic
  User: N/A
  User Name: N/A
  Computer: XP-FF3F6B62E8AB
  Description: 
The Terminal Services service entered the running state.

Event[90]:
  Log Name: C:\Users\sshook\Desktop\Training\Tools\Riffle\RiffleMaster\Extracted\2016-03-14_124238\logs\evt\XP-FF3F6B62E8AB_System.evt
  Source: Service Control Manager
  Date: 2012-09-27T15:01:44.000
  Event ID: 7035
  Task: N/A
  Level: Information
  Opcode: N/A
  Keyword: Classic
  User: S-1-5-18
  User Name: NT AUTHORITY\SYSTEM
  Computer: XP-FF3F6B62E8AB
  Description: 
The Fast User Switching Compatibility service was successfully sent a start control.

Event[91]:
  Log Name: C:\Users\sshook\Desktop\Training\Tools\Riffle\RiffleMaster\Extracted\2016-03-14_124238\logs\evt\XP-FF3F6B62E8AB_System.evt
  Source: Service Control Manager
  Date: 2012-09-27T15:01:44.000
  Event ID: 7035
  Task: N/A
  Level: Information
  Opcode: N/A
  Keyword: Classic
  User: S-1-5-18
  User Name: NT AUTHORITY\SYSTEM
  Computer: XP-FF3F6B62E8AB
  Description: 
The Network Location Awareness (NLA) service was successfully sent a start control.

Event[92]:
  Log Name: C:\Users\sshook\Desktop\Training\Tools\Riffle\RiffleMaster\Extracted\2016-03-14_124238\logs\evt\XP-FF3F6B62E8AB_System.evt
  Source: Service Control Manager
  Date: 2012-09-27T15:01:44.000
  Event ID: 7036
  Task: N/A
  Level: Information
  Opcode: N/A
  Keyword: Classic
  User: N/A
  User Name: N/A
  Computer: XP-FF3F6B62E8AB
  Description: 
The Network Location Awareness (NLA) service entered the running state.

Event[93]:
  Log Name: C:\Users\sshook\Desktop\Training\Tools\Riffle\RiffleMaster\Extracted\2016-03-14_124238\logs\evt\XP-FF3F6B62E8AB_System.evt
  Source: Service Control Manager
  Date: 2012-09-27T15:01:44.000
  Event ID: 7036
  Task: N/A
  Level: Information
  Opcode: N/A
  Keyword: Classic
  User: N/A
  User Name: N/A
  Computer: XP-FF3F6B62E8AB
  Description: 
The Fast User Switching Compatibility service entered the running state.

Event[94]:
  Log Name: C:\Users\sshook\Desktop\Training\Tools\Riffle\RiffleMaster\Extracted\2016-03-14_124238\logs\evt\XP-FF3F6B62E8AB_System.evt
  Source: Service Control Manager
  Date: 2012-09-27T15:01:44.000
  Event ID: 7035
  Task: N/A
  Level: Information
  Opcode: N/A
  Keyword: Classic
  User: S-1-5-18
  User Name: NT AUTHORITY\SYSTEM
  Computer: XP-FF3F6B62E8AB
  Description: 
The SSDP Discovery Service service was successfully sent a start control.

Event[95]:
  Log Name: C:\Users\sshook\Desktop\Training\Tools\Riffle\RiffleMaster\Extracted\2016-03-14_124238\logs\evt\XP-FF3F6B62E8AB_System.evt
  Source: Service Control Manager
  Date: 2012-09-27T15:01:44.000
  Event ID: 7036
  Task: N/A
  Level: Information
  Opcode: N/A
  Keyword: Classic
  User: N/A
  User Name: N/A
  Computer: XP-FF3F6B62E8AB
  Description: 
The SSDP Discovery Service service entered the running state.

Event[96]:
  Log Name: C:\Users\sshook\Desktop\Training\Tools\Riffle\RiffleMaster\Extracted\2016-03-14_124238\logs\evt\XP-FF3F6B62E8AB_System.evt
  Source: Service Control Manager
  Date: 2012-09-27T15:01:44.000
  Event ID: 7035
  Task: N/A
  Level: Information
  Opcode: N/A
  Keyword: Classic
  User: S-1-5-18
  User Name: NT AUTHORITY\SYSTEM
  Computer: XP-FF3F6B62E8AB
  Description: 
The Application Layer Gateway Service service was successfully sent a start control.

Event[97]:
  Log Name: C:\Users\sshook\Desktop\Training\Tools\Riffle\RiffleMaster\Extracted\2016-03-14_124238\logs\evt\XP-FF3F6B62E8AB_System.evt
  Source: Service Control Manager
  Date: 2012-09-27T15:01:44.000
  Event ID: 7036
  Task: N/A
  Level: Information
  Opcode: N/A
  Keyword: Classic
  User: N/A
  User Name: N/A
  Computer: XP-FF3F6B62E8AB
  Description: 
The Application Layer Gateway Service service entered the running state.

Event[98]:
  Log Name: C:\Users\sshook\Desktop\Training\Tools\Riffle\RiffleMaster\Extracted\2016-03-14_124238\logs\evt\XP-FF3F6B62E8AB_System.evt
  Source: W32Time
  Date: 2012-09-27T15:16:41.000
  Event ID: 17
  Task: None
  Level: Error
  Opcode: N/A
  Keyword: Classic
  User: N/A
  User Name: N/A
  Computer: XP-FF3F6B62E8AB
  Description: 
N/A

Event[99]:
  Log Name: C:\Users\sshook\Desktop\Training\Tools\Riffle\RiffleMaster\Extracted\2016-03-14_124238\logs\evt\XP-FF3F6B62E8AB_System.evt
  Source: W32Time
  Date: 2012-09-27T15:16:41.000
  Event ID: 29
  Task: None
  Level: Error
  Opcode: N/A
  Keyword: Classic
  User: N/A
  User Name: N/A
  Computer: XP-FF3F6B62E8AB
  Description: 
N/A

Event[100]:
  Log Name: C:\Users\sshook\Desktop\Training\Tools\Riffle\RiffleMaster\Extracted\2016-03-14_124238\logs\evt\XP-FF3F6B62E8AB_System.evt
  Source: W32Time
  Date: 2012-09-27T15:46:41.000
  Event ID: 17
  Task: None
  Level: Error
  Opcode: N/A
  Keyword: Classic
  User: N/A
  User Name: N/A
  Computer: XP-FF3F6B62E8AB
  Description: 
N/A

Event[101]:
  Log Name: C:\Users\sshook\Desktop\Training\Tools\Riffle\RiffleMaster\Extracted\2016-03-14_124238\logs\evt\XP-FF3F6B62E8AB_System.evt
  Source: W32Time
  Date: 2012-09-27T15:46:41.000
  Event ID: 29
  Task: None
  Level: Error
  Opcode: N/A
  Keyword: Classic
  User: N/A
  User Name: N/A
  Computer: XP-FF3F6B62E8AB
  Description: 
N/A

Event[102]:
  Log Name: C:\Users\sshook\Desktop\Training\Tools\Riffle\RiffleMaster\Extracted\2016-03-14_124238\logs\evt\XP-FF3F6B62E8AB_System.evt
  Source: EventLog
  Date: 2012-09-27T16:19:51.000
  Event ID: 6009
  Task: N/A
  Level: Information
  Opcode: N/A
  Keyword: Classic
  User: N/A
  User Name: N/A
  Computer: XP-FF3F6B62E8AB
  Description: 
Microsoft (R) Windows (R) 5.01. 2600 Service Pack 2 Uniprocessor Free.

Event[103]:
  Log Name: C:\Users\sshook\Desktop\Training\Tools\Riffle\RiffleMaster\Extracted\2016-03-14_124238\logs\evt\XP-FF3F6B62E8AB_System.evt
  Source: EventLog
  Date: 2012-09-27T16:19:51.000
  Event ID: 6005
  Task: N/A
  Level: Information
  Opcode: N/A
  Keyword: Classic
  User: N/A
  User Name: N/A
  Computer: XP-FF3F6B62E8AB
  Description: 
The Event log service was started.

Event[104]:
  Log Name: C:\Users\sshook\Desktop\Training\Tools\Riffle\RiffleMaster\Extracted\2016-03-14_124238\logs\evt\XP-FF3F6B62E8AB_System.evt
  Source: vmdebug
  Date: 2012-09-27T16:19:49.000
  Event ID: 5
  Task: None
  Level: Information
  Opcode: N/A
  Keyword: Classic
  User: N/A
  User Name: N/A
  Computer: XP-FF3F6B62E8AB
  Description: 
N/A

Event[105]:
  Log Name: C:\Users\sshook\Desktop\Training\Tools\Riffle\RiffleMaster\Extracted\2016-03-14_124238\logs\evt\XP-FF3F6B62E8AB_System.evt
  Source: Dhcp
  Date: 2012-09-27T16:20:51.000
  Event ID: 1007
  Task: None
  Level: Warning
  Opcode: Info
  Keyword: Classic
  User: N/A
  User Name: N/A
  Computer: XP-FF3F6B62E8AB
  Description: 
N/A

Event[106]:
  Log Name: C:\Users\sshook\Desktop\Training\Tools\Riffle\RiffleMaster\Extracted\2016-03-14_124238\logs\evt\XP-FF3F6B62E8AB_System.evt
  Source: W32Time
  Date: 2012-09-27T16:20:59.000
  Event ID: 17
  Task: None
  Level: Error
  Opcode: N/A
  Keyword: Classic
  User: N/A
  User Name: N/A
  Computer: XP-FF3F6B62E8AB
  Description: 
N/A

Event[107]:
  Log Name: C:\Users\sshook\Desktop\Training\Tools\Riffle\RiffleMaster\Extracted\2016-03-14_124238\logs\evt\XP-FF3F6B62E8AB_System.evt
  Source: W32Time
  Date: 2012-09-27T16:20:59.000
  Event ID: 29
  Task: None
  Level: Error
  Opcode: N/A
  Keyword: Classic
  User: N/A
  User Name: N/A
  Computer: XP-FF3F6B62E8AB
  Description: 
N/A

Event[108]:
  Log Name: C:\Users\sshook\Desktop\Training\Tools\Riffle\RiffleMaster\Extracted\2016-03-14_124238\logs\evt\XP-FF3F6B62E8AB_System.evt
  Source: W32Time
  Date: 2012-09-27T16:21:02.000
  Event ID: 17
  Task: None
  Level: Error
  Opcode: N/A
  Keyword: Classic
  User: N/A
  User Name: N/A
  Computer: XP-FF3F6B62E8AB
  Description: 
N/A

Event[109]:
  Log Name: C:\Users\sshook\Desktop\Training\Tools\Riffle\RiffleMaster\Extracted\2016-03-14_124238\logs\evt\XP-FF3F6B62E8AB_System.evt
  Source: W32Time
  Date: 2012-09-27T16:21:02.000
  Event ID: 29
  Task: None
  Level: Error
  Opcode: N/A
  Keyword: Classic
  User: N/A
  User Name: N/A
  Computer: XP-FF3F6B62E8AB
  Description: 
N/A

Event[110]:
  Log Name: C:\Users\sshook\Desktop\Training\Tools\Riffle\RiffleMaster\Extracted\2016-03-14_124238\logs\evt\XP-FF3F6B62E8AB_System.evt
  Source: Service Control Manager
  Date: 2012-09-27T16:21:12.000
  Event ID: 7036
  Task: N/A
  Level: Information
  Opcode: N/A
  Keyword: Classic
  User: N/A
  User Name: N/A
  Computer: XP-FF3F6B62E8AB
  Description: 
The Terminal Services service entered the running state.

Event[111]:
