  Log Name: C:\Users\sshook\Desktop\Training\Tools\Riffle\RiffleMaster\Extracted\2016-03-14_124238\logs\evt\XP-FF3F6B62E8AB_System.evt
  Source: BROWSER
  Date: 2012-09-30T12:48:44.000
  Event ID: 8032
  Task: N/A
  Level: Error
  Opcode: N/A
  Keyword: Classic
  User: N/A
  User Name: N/A
  Computer: XP-FF3F6B62E8AB
  Description: 
The browser service has failed to retrieve the backup list too many times on transport \Device\NetBT_Tcpip_{DCBCED52-DEB9-42B3-89B6-6D0C749FF1ED}. The backup browser is stopping.

Event[215]:
  Log Name: C:\Users\sshook\Desktop\Training\Tools\Riffle\RiffleMaster\Extracted\2016-03-14_124238\logs\evt\XP-FF3F6B62E8AB_System.evt
  Source: Service Control Manager
  Date: 2012-09-30T12:50:21.000
  Event ID: 7035
  Task: N/A
  Level: Information
  Opcode: N/A
  Keyword: Classic
  User: S-1-5-18
  User Name: NT AUTHORITY\SYSTEM
  Computer: XP-FF3F6B62E8AB
  Description: 
The Windows Installer service was successfully sent a start control.

Event[216]:
  Log Name: C:\Users\sshook\Desktop\Training\Tools\Riffle\RiffleMaster\Extracted\2016-03-14_124238\logs\evt\XP-FF3F6B62E8AB_System.evt
  Source: Service Control Manager
  Date: 2012-09-30T12:50:21.000
  Event ID: 7036
  Task: N/A
  Level: Information
  Opcode: N/A
  Keyword: Classic
  User: N/A
  User Name: N/A
  Computer: XP-FF3F6B62E8AB
  Description: 
The Windows Installer service entered the running state.

Event[217]:
  Log Name: C:\Users\sshook\Desktop\Training\Tools\Riffle\RiffleMaster\Extracted\2016-03-14_124238\logs\evt\XP-FF3F6B62E8AB_System.evt
  Source: Dhcp
  Date: 2012-12-15T09:27:41.000
  Event ID: 1003
  Task: None
  Level: Warning
  Opcode: Info
  Keyword: Classic
  User: N/A
  User Name: N/A
  Computer: XP-FF3F6B62E8AB
  Description: 
N/A

Event[218]:
  Log Name: C:\Users\sshook\Desktop\Training\Tools\Riffle\RiffleMaster\Extracted\2016-03-14_124238\logs\evt\XP-FF3F6B62E8AB_System.evt
  Source: Dhcp
  Date: 2012-12-15T09:27:41.000
  Event ID: 1000
  Task: None
  Level: Error
  Opcode: Info
  Keyword: Classic
  User: N/A
  User Name: N/A
  Computer: XP-FF3F6B62E8AB
  Description: 
N/A

Event[219]:
  Log Name: C:\Users\sshook\Desktop\Training\Tools\Riffle\RiffleMaster\Extracted\2016-03-14_124238\logs\evt\XP-FF3F6B62E8AB_System.evt
  Source: Application Popup
  Date: 2012-12-15T09:27:44.000
  Event ID: 26
  Task: N/A
  Level: Information
  Opcode: N/A
  Keyword: Classic
  User: N/A
  User Name: N/A
  Computer: XP-FF3F6B62E8AB
  Description: 
Application popup: winSudo.exe - Application Error : The application failed to initialize properly (0xc0000135). Click on OK to terminate the application. 

Event[220]:
  Log Name: C:\Users\sshook\Desktop\Training\Tools\Riffle\RiffleMaster\Extracted\2016-03-14_124238\logs\evt\XP-FF3F6B62E8AB_System.evt
  Source: BROWSER
  Date: 2012-12-15T09:27:52.000
  Event ID: 8021
  Task: N/A
  Level: Warning
  Opcode: N/A
  Keyword: Classic
  User: N/A
  User Name: N/A
  Computer: XP-FF3F6B62E8AB
  Description: 
The browser service was unable to retrieve a list of servers from the browser master \\MVISSHOOKPSX on the network \Device\NetBT_Tcpip_{DCBCED52-DEB9-42B3-89B6-6D0C749FF1ED}.
 
 Browser master: \\MVISSHOOKPSX
 Network: \Device\NetBT_Tcpip_{DCBCED52-DEB9-42B3-89B6-6D0C749FF1ED}
 
 This event may be caused by a temporary loss of network connectivity. If this message appears again, verify that the server is still connected to the network. The return code is in the Data text box.

Event[221]:
  Log Name: C:\Users\sshook\Desktop\Training\Tools\Riffle\RiffleMaster\Extracted\2016-03-14_124238\logs\evt\XP-FF3F6B62E8AB_System.evt
  Source: Service Control Manager
  Date: 2012-12-15T09:28:06.000
  Event ID: 7036
  Task: N/A
  Level: Information
  Opcode: N/A
  Keyword: Classic
  User: N/A
  User Name: N/A
  Computer: XP-FF3F6B62E8AB
  Description: 
The Windows Installer service entered the stopped state.

Event[222]:
  Log Name: C:\Users\sshook\Desktop\Training\Tools\Riffle\RiffleMaster\Extracted\2016-03-14_124238\logs\evt\XP-FF3F6B62E8AB_System.evt
  Source: Application Popup
  Date: 2012-12-15T09:28:27.000
  Event ID: 26
  Task: N/A
  Level: Information
  Opcode: N/A
  Keyword: Classic
  User: N/A
  User Name: N/A
  Computer: XP-FF3F6B62E8AB
  Description: 
Application popup: winSudo.exe - Application Error : The application failed to initialize properly (0xc0000135). Click on OK to terminate the application. 

Event[223]:
  Log Name: C:\Users\sshook\Desktop\Training\Tools\Riffle\RiffleMaster\Extracted\2016-03-14_124238\logs\evt\XP-FF3F6B62E8AB_System.evt
  Source: Application Popup
  Date: 2012-12-15T09:28:30.000
  Event ID: 26
  Task: N/A
  Level: Information
  Opcode: N/A
  Keyword: Classic
  User: N/A
  User Name: N/A
  Computer: XP-FF3F6B62E8AB
  Description: 
Application popup: winSudo.exe - Application Error : The application failed to initialize properly (0xc0000135). Click on OK to terminate the application. 

Event[224]:
  Log Name: C:\Users\sshook\Desktop\Training\Tools\Riffle\RiffleMaster\Extracted\2016-03-14_124238\logs\evt\XP-FF3F6B62E8AB_System.evt
  Source: BROWSER
  Date: 2013-01-21T09:07:33.000
  Event ID: 8032
  Task: N/A
  Level: Error
  Opcode: N/A
  Keyword: Classic
  User: N/A
  User Name: N/A
  Computer: XP-FF3F6B62E8AB
  Description: 
The browser service has failed to retrieve the backup list too many times on transport \Device\NetBT_Tcpip_{DCBCED52-DEB9-42B3-89B6-6D0C749FF1ED}. The backup browser is stopping.

Event[225]:
  Log Name: C:\Users\sshook\Desktop\Training\Tools\Riffle\RiffleMaster\Extracted\2016-03-14_124238\logs\evt\XP-FF3F6B62E8AB_System.evt
  Source: Dhcp
  Date: 2013-01-21T09:20:12.000
  Event ID: 1003
  Task: None
  Level: Warning
  Opcode: Info
  Keyword: Classic
  User: N/A
  User Name: N/A
  Computer: XP-FF3F6B62E8AB
  Description: 
N/A

Event[226]:
  Log Name: C:\Users\sshook\Desktop\Training\Tools\Riffle\RiffleMaster\Extracted\2016-03-14_124238\logs\evt\XP-FF3F6B62E8AB_System.evt
  Source: Dhcp
  Date: 2013-01-21T09:20:12.000
  Event ID: 1000
  Task: None
  Level: Error
  Opcode: Info
  Keyword: Classic
  User: N/A
  User Name: N/A
  Computer: XP-FF3F6B62E8AB
  Description: 
N/A

Event[227]:
  Log Name: C:\Users\sshook\Desktop\Training\Tools\Riffle\RiffleMaster\Extracted\2016-03-14_124238\logs\evt\XP-FF3F6B62E8AB_System.evt
  Source: W32Time
  Date: 2013-01-21T09:20:34.000
  Event ID: 35
  Task: None
  Level: Information
  Opcode: N/A
  Keyword: Classic
  User: N/A
  User Name: N/A
  Computer: XP-FF3F6B62E8AB
  Description: 
N/A

Event[228]:
  Log Name: C:\Users\sshook\Desktop\Training\Tools\Riffle\RiffleMaster\Extracted\2016-03-14_124238\logs\evt\XP-FF3F6B62E8AB_System.evt
  Source: Service Control Manager
  Date: 2013-03-06T11:22:39.000
  Event ID: 7035
  Task: N/A
  Level: Information
  Opcode: N/A
  Keyword: Classic
  User: S-1-5-21-861567501-682003330-839522115-1003
  User Name: N/A
  Computer: XP-FF3F6B62E8AB
  Description: 
The Remote Access Auto Connection Manager service was successfully sent a start control.

Event[229]:
  Log Name: C:\Users\sshook\Desktop\Training\Tools\Riffle\RiffleMaster\Extracted\2016-03-14_124238\logs\evt\XP-FF3F6B62E8AB_System.evt
  Source: Service Control Manager
  Date: 2013-03-06T11:22:39.000
  Event ID: 7036
  Task: N/A
  Level: Information
  Opcode: N/A
  Keyword: Classic
  User: N/A
  User Name: N/A
  Computer: XP-FF3F6B62E8AB
  Description: 
The Remote Access Auto Connection Manager service entered the running state.

Event[230]:
  Log Name: C:\Users\sshook\Desktop\Training\Tools\Riffle\RiffleMaster\Extracted\2016-03-14_124238\logs\evt\XP-FF3F6B62E8AB_System.evt
  Source: Service Control Manager
  Date: 2013-03-06T11:22:56.000
  Event ID: 7035
  Task: N/A
  Level: Information
  Opcode: N/A
  Keyword: Classic
  User: S-1-5-21-861567501-682003330-839522115-1003
  User Name: N/A
  Computer: XP-FF3F6B62E8AB
  Description: 
The OfficeScan Support service was successfully sent a start control.

Event[231]:
  Log Name: C:\Users\sshook\Desktop\Training\Tools\Riffle\RiffleMaster\Extracted\2016-03-14_124238\logs\evt\XP-FF3F6B62E8AB_System.evt
  Source: Service Control Manager
  Date: 2013-03-06T11:22:56.000
  Event ID: 7036
  Task: N/A
  Level: Information
  Opcode: N/A
  Keyword: Classic
  User: N/A
  User Name: N/A
  Computer: XP-FF3F6B62E8AB
  Description: 
The OfficeScan Support service entered the running state.

Event[232]:
  Log Name: C:\Users\sshook\Desktop\Training\Tools\Riffle\RiffleMaster\Extracted\2016-03-14_124238\logs\evt\XP-FF3F6B62E8AB_System.evt
  Source: Service Control Manager
  Date: 2013-03-06T11:23:03.000
  Event ID: 7035
  Task: N/A
  Level: Information
  Opcode: N/A
  Keyword: Classic
  User: S-1-5-21-861567501-682003330-839522115-1003
  User Name: N/A
  Computer: XP-FF3F6B62E8AB
  Description: 
The ASP.NET Services service was successfully sent a start control.

Event[233]:
  Log Name: C:\Users\sshook\Desktop\Training\Tools\Riffle\RiffleMaster\Extracted\2016-03-14_124238\logs\evt\XP-FF3F6B62E8AB_System.evt
  Source: Service Control Manager
  Date: 2013-03-06T11:23:03.000
  Event ID: 7035
  Task: N/A
  Level: Information
  Opcode: N/A
  Keyword: Classic
  User: S-1-5-18
  User Name: NT AUTHORITY\SYSTEM
  Computer: XP-FF3F6B62E8AB
  Description: 
The IPSEC Services service was successfully sent a stop control.

Event[234]:
  Log Name: C:\Users\sshook\Desktop\Training\Tools\Riffle\RiffleMaster\Extracted\2016-03-14_124238\logs\evt\XP-FF3F6B62E8AB_System.evt
  Source: Service Control Manager
  Date: 2013-03-06T11:23:03.000
  Event ID: 7036
  Task: N/A
  Level: Information
  Opcode: N/A
  Keyword: Classic
  User: N/A
  User Name: N/A
  Computer: XP-FF3F6B62E8AB
  Description: 
The ASP.NET Services service entered the running state.

Event[235]:
  Log Name: C:\Users\sshook\Desktop\Training\Tools\Riffle\RiffleMaster\Extracted\2016-03-14_124238\logs\evt\XP-FF3F6B62E8AB_System.evt
  Source: Service Control Manager
  Date: 2013-03-06T11:23:03.000
  Event ID: 7036
  Task: N/A
  Level: Information
  Opcode: N/A
  Keyword: Classic
  User: N/A
  User Name: N/A
  Computer: XP-FF3F6B62E8AB
  Description: 
The IPSEC Services service entered the stopped state.

Event[236]:
  Log Name: C:\Users\sshook\Desktop\Training\Tools\Riffle\RiffleMaster\Extracted\2016-03-14_124238\logs\evt\XP-FF3F6B62E8AB_System.evt
  Source: EventLog
  Date: 2013-03-06T11:27:47.000
  Event ID: 6009
  Task: N/A
  Level: Information
  Opcode: N/A
  Keyword: Classic
  User: N/A
  User Name: N/A
  Computer: XP-FF3F6B62E8AB
  Description: 
Microsoft (R) Windows (R) 5.01. 2600 Service Pack 2 Uniprocessor Free.

Event[237]:
  Log Name: C:\Users\sshook\Desktop\Training\Tools\Riffle\RiffleMaster\Extracted\2016-03-14_124238\logs\evt\XP-FF3F6B62E8AB_System.evt
  Source: EventLog
  Date: 2013-03-06T11:27:47.000
  Event ID: 6005
  Task: N/A
  Level: Information
  Opcode: N/A
  Keyword: Classic
  User: N/A
  User Name: N/A
  Computer: XP-FF3F6B62E8AB
  Description: 
The Event log service was started.

Event[238]:
  Log Name: C:\Users\sshook\Desktop\Training\Tools\Riffle\RiffleMaster\Extracted\2016-03-14_124238\logs\evt\XP-FF3F6B62E8AB_System.evt
  Source: Save Dump
  Date: 2013-03-06T11:27:49.000
  Event ID: 1001
  Task: None
  Level: Information
  Opcode: N/A
  Keyword: Classic
  User: N/A
  User Name: N/A
  Computer: XP-FF3F6B62E8AB
  Description: 
N/A

Event[239]:
  Log Name: C:\Users\sshook\Desktop\Training\Tools\Riffle\RiffleMaster\Extracted\2016-03-14_124238\logs\evt\XP-FF3F6B62E8AB_System.evt
  Source: Tcpip
  Date: 2013-03-06T11:27:54.000
  Event ID: 4201
  Task: N/A
  Level: Information
  Opcode: N/A
  Keyword: Classic
  User: N/A
  User Name: N/A
  Computer: XP-FF3F6B62E8AB
  Description: 
The system detected that network adapter \DEVICE\TCPIP_{DCBCED52-DEB9-42B3-89B6-6D0C749FF1ED} was connected to the network, and has initiated normal operation.

Event[240]:
  Log Name: C:\Users\sshook\Desktop\Training\Tools\Riffle\RiffleMaster\Extracted\2016-03-14_124238\logs\evt\XP-FF3F6B62E8AB_System.evt
  Source: Service Control Manager
  Date: 2013-03-06T11:28:17.000
  Event ID: 7036
  Task: N/A
  Level: Information
  Opcode: N/A
  Keyword: Classic
  User: N/A
  User Name: N/A
  Computer: XP-FF3F6B62E8AB
  Description: 
The Terminal Services service entered the running state.

Event[241]:
  Log Name: C:\Users\sshook\Desktop\Training\Tools\Riffle\RiffleMaster\Extracted\2016-03-14_124238\logs\evt\XP-FF3F6B62E8AB_System.evt
  Source: Service Control Manager
  Date: 2013-03-06T11:28:17.000
  Event ID: 7035
  Task: N/A
  Level: Information
  Opcode: N/A
  Keyword: Classic
  User: S-1-5-18
  User Name: NT AUTHORITY\SYSTEM
  Computer: XP-FF3F6B62E8AB
  Description: 
The Fast User Switching Compatibility service was successfully sent a start control.

Event[242]:
  Log Name: C:\Users\sshook\Desktop\Training\Tools\Riffle\RiffleMaster\Extracted\2016-03-14_124238\logs\evt\XP-FF3F6B62E8AB_System.evt
  Source: Service Control Manager
  Date: 2013-03-06T11:28:17.000
  Event ID: 7036
  Task: N/A
  Level: Information
  Opcode: N/A
  Keyword: Classic
  User: N/A
  User Name: N/A
  Computer: XP-FF3F6B62E8AB
  Description: 
The Fast User Switching Compatibility service entered the running state.

Event[243]:
  Log Name: C:\Users\sshook\Desktop\Training\Tools\Riffle\RiffleMaster\Extracted\2016-03-14_124238\logs\evt\XP-FF3F6B62E8AB_System.evt
  Source: Service Control Manager
  Date: 2013-03-06T11:28:17.000
  Event ID: 7035
  Task: N/A
  Level: Information
  Opcode: N/A
  Keyword: Classic
  User: S-1-5-18
  User Name: NT AUTHORITY\SYSTEM
  Computer: XP-FF3F6B62E8AB
  Description: 
The Network Location Awareness (NLA) service was successfully sent a start control.

Event[244]:
  Log Name: C:\Users\sshook\Desktop\Training\Tools\Riffle\RiffleMaster\Extracted\2016-03-14_124238\logs\evt\XP-FF3F6B62E8AB_System.evt
  Source: Service Control Manager
  Date: 2013-03-06T11:28:17.000
  Event ID: 7036
  Task: N/A
  Level: Information
  Opcode: N/A
  Keyword: Classic
  User: N/A
  User Name: N/A
  Computer: XP-FF3F6B62E8AB
  Description: 
The Network Location Awareness (NLA) service entered the running state.

Event[245]:
  Log Name: C:\Users\sshook\Desktop\Training\Tools\Riffle\RiffleMaster\Extracted\2016-03-14_124238\logs\evt\XP-FF3F6B62E8AB_System.evt
  Source: Service Control Manager
  Date: 2013-03-06T11:28:17.000
  Event ID: 7035
  Task: N/A
  Level: Information
  Opcode: N/A
  Keyword: Classic
  User: S-1-5-18
  User Name: NT AUTHORITY\SYSTEM
  Computer: XP-FF3F6B62E8AB
  Description: 
The SSDP Discovery Service service was successfully sent a start control.

Event[246]:
  Log Name: C:\Users\sshook\Desktop\Training\Tools\Riffle\RiffleMaster\Extracted\2016-03-14_124238\logs\evt\XP-FF3F6B62E8AB_System.evt
  Source: Service Control Manager
  Date: 2013-03-06T11:28:17.000
  Event ID: 7036
  Task: N/A
  Level: Information
  Opcode: N/A
  Keyword: Classic
  User: N/A
  User Name: N/A
  Computer: XP-FF3F6B62E8AB
  Description: 
The SSDP Discovery Service service entered the running state.

Event[247]:
  Log Name: C:\Users\sshook\Desktop\Training\Tools\Riffle\RiffleMaster\Extracted\2016-03-14_124238\logs\evt\XP-FF3F6B62E8AB_System.evt
  Source: Service Control Manager
  Date: 2013-03-06T11:28:20.000
  Event ID: 7036
  Task: N/A
  Level: Information
  Opcode: N/A
  Keyword: Classic
  User: N/A
  User Name: N/A
  Computer: XP-FF3F6B62E8AB
  Description: 
The Telephony service entered the running state.

Event[248]:
  Log Name: C:\Users\sshook\Desktop\Training\Tools\Riffle\RiffleMaster\Extracted\2016-03-14_124238\logs\evt\XP-FF3F6B62E8AB_System.evt
  Source: Service Control Manager
  Date: 2013-03-06T11:28:20.000
  Event ID: 7035
  Task: N/A
  Level: Information
  Opcode: N/A
  Keyword: Classic
  User: S-1-5-21-861567501-682003330-839522115-1003
  User Name: N/A
  Computer: XP-FF3F6B62E8AB
  Description: 
The Remote Access Connection Manager service was successfully sent a start control.

Event[249]:
  Log Name: C:\Users\sshook\Desktop\Training\Tools\Riffle\RiffleMaster\Extracted\2016-03-14_124238\logs\evt\XP-FF3F6B62E8AB_System.evt
  Source: Service Control Manager
  Date: 2013-03-06T11:28:20.000
  Event ID: 7035
  Task: N/A
  Level: Information
  Opcode: N/A
  Keyword: Classic
  User: S-1-5-18
  User Name: NT AUTHORITY\SYSTEM
  Computer: XP-FF3F6B62E8AB
  Description: 
The Application Layer Gateway Service service was successfully sent a start control.

Event[250]:
  Log Name: C:\Users\sshook\Desktop\Training\Tools\Riffle\RiffleMaster\Extracted\2016-03-14_124238\logs\evt\XP-FF3F6B62E8AB_System.evt
  Source: Service Control Manager
  Date: 2013-03-06T11:28:20.000
  Event ID: 7036
  Task: N/A
  Level: Information
  Opcode: N/A
  Keyword: Classic
  User: N/A
  User Name: N/A
  Computer: XP-FF3F6B62E8AB
  Description: 
The Application Layer Gateway Service service entered the running state.

Event[251]:
  Log Name: C:\Users\sshook\Desktop\Training\Tools\Riffle\RiffleMaster\Extracted\2016-03-14_124238\logs\evt\XP-FF3F6B62E8AB_System.evt
  Source: Service Control Manager
  Date: 2013-03-06T11:28:20.000
  Event ID: 7036
  Task: N/A
  Level: Information
  Opcode: N/A
  Keyword: Classic
  User: N/A
  User Name: N/A
  Computer: XP-FF3F6B62E8AB
  Description: 
The Remote Access Connection Manager service entered the running state.

Event[252]:
  Log Name: C:\Users\sshook\Desktop\Training\Tools\Riffle\RiffleMaster\Extracted\2016-03-14_124238\logs\evt\XP-FF3F6B62E8AB_System.evt
  Source: EventLog
  Date: 2013-03-06T11:29:50.000
  Event ID: 6009
  Task: N/A
  Level: Information
  Opcode: N/A
  Keyword: Classic
  User: N/A
  User Name: N/A
  Computer: XP-FF3F6B62E8AB
  Description: 
Microsoft (R) Windows (R) 5.01. 2600 Service Pack 2 Uniprocessor Free.

Event[253]:
  Log Name: C:\Users\sshook\Desktop\Training\Tools\Riffle\RiffleMaster\Extracted\2016-03-14_124238\logs\evt\XP-FF3F6B62E8AB_System.evt
  Source: EventLog
  Date: 2013-03-06T11:29:50.000
  Event ID: 6005
  Task: N/A
  Level: Information
  Opcode: N/A
  Keyword: Classic
  User: N/A
  User Name: N/A
  Computer: XP-FF3F6B62E8AB
  Description: 
The Event log service was started.

Event[254]:
  Log Name: C:\Users\sshook\Desktop\Training\Tools\Riffle\RiffleMaster\Extracted\2016-03-14_124238\logs\evt\XP-FF3F6B62E8AB_System.evt
  Source: Tcpip
  Date: 2013-03-06T11:29:58.000
  Event ID: 4201
  Task: N/A
  Level: Information
  Opcode: N/A
  Keyword: Classic
  User: N/A
  User Name: N/A
  Computer: XP-FF3F6B62E8AB
  Description: 
The system detected that network adapter \DEVICE\TCPIP_{DCBCED52-DEB9-42B3-89B6-6D0C749FF1ED} was connected to the network, and has initiated normal operation.

Event[255]:
  Log Name: C:\Users\sshook\Desktop\Training\Tools\Riffle\RiffleMaster\Extracted\2016-03-14_124238\logs\evt\XP-FF3F6B62E8AB_System.evt
  Source: Service Control Manager
  Date: 2013-03-06T11:30:17.000
  Event ID: 7036
  Task: N/A
  Level: Information
  Opcode: N/A
  Keyword: Classic
  User: N/A
  User Name: N/A
  Computer: XP-FF3F6B62E8AB
  Description: 
The Terminal Services service entered the running state.

Event[256]:
  Log Name: C:\Users\sshook\Desktop\Training\Tools\Riffle\RiffleMaster\Extracted\2016-03-14_124238\logs\evt\XP-FF3F6B62E8AB_System.evt
  Source: Service Control Manager
  Date: 2013-03-06T11:30:17.000
  Event ID: 7035
  Task: N/A
  Level: Information
  Opcode: N/A
  Keyword: Classic
  User: S-1-5-18
  User Name: NT AUTHORITY\SYSTEM
  Computer: XP-FF3F6B62E8AB
  Description: 
The Fast User Switching Compatibility service was successfully sent a start control.

Event[257]:
  Log Name: C:\Users\sshook\Desktop\Training\Tools\Riffle\RiffleMaster\Extracted\2016-03-14_124238\logs\evt\XP-FF3F6B62E8AB_System.evt
  Source: Service Control Manager
  Date: 2013-03-06T11:30:17.000
  Event ID: 7036
  Task: N/A
  Level: Information
  Opcode: N/A
  Keyword: Classic
  User: N/A
  User Name: N/A
  Computer: XP-FF3F6B62E8AB
  Description: 
The Fast User Switching Compatibility service entered the running state.

Event[258]:
  Log Name: C:\Users\sshook\Desktop\Training\Tools\Riffle\RiffleMaster\Extracted\2016-03-14_124238\logs\evt\XP-FF3F6B62E8AB_System.evt
  Source: Service Control Manager
  Date: 2013-03-06T11:30:17.000
  Event ID: 7035
  Task: N/A
  Level: Information
  Opcode: N/A
  Keyword: Classic
  User: S-1-5-18
  User Name: NT AUTHORITY\SYSTEM
  Computer: XP-FF3F6B62E8AB
  Description: 
The Network Location Awareness (NLA) service was successfully sent a start control.

Event[259]:
  Log Name: C:\Users\sshook\Desktop\Training\Tools\Riffle\RiffleMaster\Extracted\2016-03-14_124238\logs\evt\XP-FF3F6B62E8AB_System.evt
  Source: Service Control Manager
  Date: 2013-03-06T11:30:17.000
  Event ID: 7036
  Task: N/A
  Level: Information
  Opcode: N/A
  Keyword: Classic
  User: N/A
  User Name: N/A
  Computer: XP-FF3F6B62E8AB
  Description: 
The Network Location Awareness (NLA) service entered the running state.

Event[260]:
  Log Name: C:\Users\sshook\Desktop\Training\Tools\Riffle\RiffleMaster\Extracted\2016-03-14_124238\logs\evt\XP-FF3F6B62E8AB_System.evt
  Source: Service Control Manager
  Date: 2013-03-06T11:30:17.000
  Event ID: 7035
  Task: N/A
  Level: Information
  Opcode: N/A
  Keyword: Classic
  User: S-1-5-18
  User Name: NT AUTHORITY\SYSTEM
  Computer: XP-FF3F6B62E8AB
  Description: 
The SSDP Discovery Service service was successfully sent a start control.

Event[261]:
  Log Name: C:\Users\sshook\Desktop\Training\Tools\Riffle\RiffleMaster\Extracted\2016-03-14_124238\logs\evt\XP-FF3F6B62E8AB_System.evt
  Source: Service Control Manager
  Date: 2013-03-06T11:30:17.000
  Event ID: 7036
  Task: N/A
  Level: Information
  Opcode: N/A
  Keyword: Classic
  User: N/A
  User Name: N/A
  Computer: XP-FF3F6B62E8AB
  Description: 
The SSDP Discovery Service service entered the running state.

Event[262]:
  Log Name: C:\Users\sshook\Desktop\Training\Tools\Riffle\RiffleMaster\Extracted\2016-03-14_124238\logs\evt\XP-FF3F6B62E8AB_System.evt
  Source: Service Control Manager
  Date: 2013-03-06T11:30:17.000
  Event ID: 7036
  Task: N/A
  Level: Information
  Opcode: N/A
  Keyword: Classic
  User: N/A
  User Name: N/A
  Computer: XP-FF3F6B62E8AB
  Description: 
The Remote Access Connection Manager service entered the running state.

